<?xml version="1.0" encoding="UTF-8"?>
<testng-results skipped="0" failed="0" ignored="0" total="1" passed="1">
  <reporter-output>
    <line>
      <![CDATA[Browser launched Successfully]]>
    </line>
    <line>
      <![CDATA[Browser Maximized Successfully]]>
    </line>
    <line>
      <![CDATA[Login Page Displayed Successfully]]>
    </line>
    <line>
      <![CDATA[Username is entered successfully]]>
    </line>
    <line>
      <![CDATA[Password is entered successfully]]>
    </line>
    <line>
      <![CDATA[Home Page is Displayed Successfully]]>
    </line>
    <line>
      <![CDATA[The order of the item has moved Down]]>
    </line>
    <line>
      <![CDATA[Logedout Successfully]]>
    </line>
  </reporter-output>
  <suite name="Default suite" duration-ms="56385" started-at="2022-02-06T13:55:06 IST" finished-at="2022-02-06T13:56:02 IST">
    <groups>
    </groups>
    <test name="Default test" duration-ms="56385" started-at="2022-02-06T13:55:06 IST" finished-at="2022-02-06T13:56:02 IST">
      <class name="purchageOrder.TC_11Test">
        <test-method status="PASS" signature="launchTheApplication()[pri:0, instance:purchageOrder.TC_11Test@f0da945]" name="launchTheApplication" is-config="true" duration-ms="16021" started-at="2022-02-06T13:55:06 IST" finished-at="2022-02-06T13:55:22 IST">
          <reporter-output>
            <line>
              <![CDATA[Browser launched Successfully]]>
            </line>
            <line>
              <![CDATA[Browser Maximized Successfully]]>
            </line>
            <line>
              <![CDATA[Login Page Displayed Successfully]]>
            </line>
          </reporter-output>
        </test-method> <!-- launchTheApplication -->
        <test-method status="PASS" signature="loginToTheApplication()[pri:0, instance:purchageOrder.TC_11Test@f0da945]" name="loginToTheApplication" is-config="true" duration-ms="9236" started-at="2022-02-06T13:55:22 IST" finished-at="2022-02-06T13:55:31 IST">
          <reporter-output>
            <line>
              <![CDATA[Username is entered successfully]]>
            </line>
            <line>
              <![CDATA[Password is entered successfully]]>
            </line>
            <line>
              <![CDATA[Home Page is Displayed Successfully]]>
            </line>
          </reporter-output>
        </test-method> <!-- loginToTheApplication -->
        <test-method status="PASS" signature="creatPurchageOrderwithItemAndClickonDownordButton()[pri:0, instance:purchageOrder.TC_11Test@f0da945]" name="creatPurchageOrderwithItemAndClickonDownordButton" duration-ms="25397" started-at="2022-02-06T13:55:31 IST" finished-at="2022-02-06T13:55:57 IST">
          <reporter-output>
            <line>
              <![CDATA[The order of the item has moved Down]]>
            </line>
          </reporter-output>
        </test-method> <!-- creatPurchageOrderwithItemAndClickonDownordButton -->
        <test-method status="PASS" signature="logoutOfTheApplication()[pri:0, instance:purchageOrder.TC_11Test@f0da945]" name="logoutOfTheApplication" is-config="true" duration-ms="4816" started-at="2022-02-06T13:55:57 IST" finished-at="2022-02-06T13:56:02 IST">
          <reporter-output>
            <line>
              <![CDATA[Logedout Successfully]]>
            </line>
          </reporter-output>
        </test-method> <!-- logoutOfTheApplication -->
        <test-method status="PASS" signature="closeTheApp()[pri:0, instance:purchageOrder.TC_11Test@f0da945]" name="closeTheApp" is-config="true" duration-ms="824" started-at="2022-02-06T13:56:02 IST" finished-at="2022-02-06T13:56:02 IST">
          <reporter-output>
          </reporter-output>
        </test-method> <!-- closeTheApp -->
      </class> <!-- purchageOrder.TC_11Test -->
    </test> <!-- Default test -->
  </suite> <!-- Default suite -->
</testng-results>
